[26-Apr-2016 21:51:35 UTC] PHP Fatal error:  Call to a member function bindValue() on a non-object in /home/ubuntu/workspace/Importing/index.php on line 285
[26-Apr-2016 21:51:35 UTC] PHP Stack trace:
[26-Apr-2016 21:51:35 UTC] PHP   1. {main}() /home/ubuntu/workspace/Importing/index.php:0
[26-Apr-2016 21:51:35 UTC] PHP   2. OneFileLoginApplication->__construct() /home/ubuntu/workspace/Importing/index.php:380
[26-Apr-2016 21:51:35 UTC] PHP   3. OneFileLoginApplication->runApplication() /home/ubuntu/workspace/Importing/index.php:41
[26-Apr-2016 21:51:35 UTC] PHP   4. OneFileLoginApplication->doRegistration() /home/ubuntu/workspace/Importing/index.php:71
[26-Apr-2016 21:51:35 UTC] PHP   5. OneFileLoginApplication->createNewUser() /home/ubuntu/workspace/Importing/index.php:160
[26-Apr-2016 21:54:45 UTC] PHP Fatal error:  Call to a member function bindValue() on a non-object in /home/ubuntu/workspace/Importing/index.php on line 285
[26-Apr-2016 21:54:45 UTC] PHP Stack trace:
[26-Apr-2016 21:54:45 UTC] PHP   1. {main}() /home/ubuntu/workspace/Importing/index.php:0
[26-Apr-2016 21:54:45 UTC] PHP   2. OneFileLoginApplication->__construct() /home/ubuntu/workspace/Importing/index.php:380
[26-Apr-2016 21:54:45 UTC] PHP   3. OneFileLoginApplication->runApplication() /home/ubuntu/workspace/Importing/index.php:41
[26-Apr-2016 21:54:45 UTC] PHP   4. OneFileLoginApplication->doRegistration() /home/ubuntu/workspace/Importing/index.php:71
[26-Apr-2016 21:54:45 UTC] PHP   5. OneFileLoginApplication->createNewUser() /home/ubuntu/workspace/Importing/index.php:160
[26-Apr-2016 21:56:50 UTC] PHP Fatal error:  Call to a member function bindValue() on a non-object in /home/ubuntu/workspace/Importing/index.php on line 285
[26-Apr-2016 21:56:50 UTC] PHP Stack trace:
[26-Apr-2016 21:56:50 UTC] PHP   1. {main}() /home/ubuntu/workspace/Importing/index.php:0
[26-Apr-2016 21:56:50 UTC] PHP   2. OneFileLoginApplication->__construct() /home/ubuntu/workspace/Importing/index.php:380
[26-Apr-2016 21:56:50 UTC] PHP   3. OneFileLoginApplication->runApplication() /home/ubuntu/workspace/Importing/index.php:41
[26-Apr-2016 21:56:50 UTC] PHP   4. OneFileLoginApplication->doRegistration() /home/ubuntu/workspace/Importing/index.php:71
[26-Apr-2016 21:56:50 UTC] PHP   5. OneFileLoginApplication->createNewUser() /home/ubuntu/workspace/Importing/index.php:160
[26-Apr-2016 21:57:00 UTC] PHP Fatal error:  Call to a member function bindValue() on a non-object in /home/ubuntu/workspace/Importing/index.php on line 285
[26-Apr-2016 21:57:00 UTC] PHP Stack trace:
[26-Apr-2016 21:57:00 UTC] PHP   1. {main}() /home/ubuntu/workspace/Importing/index.php:0
[26-Apr-2016 21:57:00 UTC] PHP   2. OneFileLoginApplication->__construct() /home/ubuntu/workspace/Importing/index.php:380
[26-Apr-2016 21:57:00 UTC] PHP   3. OneFileLoginApplication->runApplication() /home/ubuntu/workspace/Importing/index.php:41
[26-Apr-2016 21:57:00 UTC] PHP   4. OneFileLoginApplication->doRegistration() /home/ubuntu/workspace/Importing/index.php:71
[26-Apr-2016 21:57:00 UTC] PHP   5. OneFileLoginApplication->createNewUser() /home/ubuntu/workspace/Importing/index.php:160
[26-Apr-2016 21:59:15 UTC] PHP Fatal error:  Call to a member function bindValue() on a non-object in /home/ubuntu/workspace/Importing/index.php on line 285
[26-Apr-2016 21:59:15 UTC] PHP Stack trace:
[26-Apr-2016 21:59:15 UTC] PHP   1. {main}() /home/ubuntu/workspace/Importing/index.php:0
[26-Apr-2016 21:59:15 UTC] PHP   2. OneFileLoginApplication->__construct() /home/ubuntu/workspace/Importing/index.php:380
[26-Apr-2016 21:59:15 UTC] PHP   3. OneFileLoginApplication->runApplication() /home/ubuntu/workspace/Importing/index.php:41
[26-Apr-2016 21:59:15 UTC] PHP   4. OneFileLoginApplication->doRegistration() /home/ubuntu/workspace/Importing/index.php:71
[26-Apr-2016 21:59:15 UTC] PHP   5. OneFileLoginApplication->createNewUser() /home/ubuntu/workspace/Importing/index.php:160
[26-Apr-2016 21:59:44 UTC] PHP Fatal error:  Call to a member function bindValue() on a non-object in /home/ubuntu/workspace/Importing/index.php on line 285
[26-Apr-2016 21:59:44 UTC] PHP Stack trace:
[26-Apr-2016 21:59:44 UTC] PHP   1. {main}() /home/ubuntu/workspace/Importing/index.php:0
[26-Apr-2016 21:59:44 UTC] PHP   2. OneFileLoginApplication->__construct() /home/ubuntu/workspace/Importing/index.php:380
[26-Apr-2016 21:59:44 UTC] PHP   3. OneFileLoginApplication->runApplication() /home/ubuntu/workspace/Importing/index.php:41
[26-Apr-2016 21:59:44 UTC] PHP   4. OneFileLoginApplication->doRegistration() /home/ubuntu/workspace/Importing/index.php:71
[26-Apr-2016 21:59:44 UTC] PHP   5. OneFileLoginApplication->createNewUser() /home/ubuntu/workspace/Importing/index.php:160
[26-Apr-2016 22:04:12 UTC] PHP Fatal error:  Call to a member function bindValue() on a non-object in /home/ubuntu/workspace/Importing/index.php on line 285
[26-Apr-2016 22:04:12 UTC] PHP Stack trace:
[26-Apr-2016 22:04:12 UTC] PHP   1. {main}() /home/ubuntu/workspace/Importing/index.php:0
[26-Apr-2016 22:04:12 UTC] PHP   2. OneFileLoginApplication->__construct() /home/ubuntu/workspace/Importing/index.php:380
[26-Apr-2016 22:04:12 UTC] PHP   3. OneFileLoginApplication->runApplication() /home/ubuntu/workspace/Importing/index.php:41
[26-Apr-2016 22:04:12 UTC] PHP   4. OneFileLoginApplication->doRegistration() /home/ubuntu/workspace/Importing/index.php:71
[26-Apr-2016 22:04:12 UTC] PHP   5. OneFileLoginApplication->createNewUser() /home/ubuntu/workspace/Importing/index.php:160
[26-Apr-2016 22:06:16 UTC] PHP Fatal error:  Call to a member function bindValue() on a non-object in /home/ubuntu/workspace/Importing/index.php on line 285
[26-Apr-2016 22:06:16 UTC] PHP Stack trace:
[26-Apr-2016 22:06:16 UTC] PHP   1. {main}() /home/ubuntu/workspace/Importing/index.php:0
[26-Apr-2016 22:06:16 UTC] PHP   2. OneFileLoginApplication->__construct() /home/ubuntu/workspace/Importing/index.php:380
[26-Apr-2016 22:06:16 UTC] PHP   3. OneFileLoginApplication->runApplication() /home/ubuntu/workspace/Importing/index.php:41
[26-Apr-2016 22:06:16 UTC] PHP   4. OneFileLoginApplication->doRegistration() /home/ubuntu/workspace/Importing/index.php:71
[26-Apr-2016 22:06:16 UTC] PHP   5. OneFileLoginApplication->createNewUser() /home/ubuntu/workspace/Importing/index.php:160
[26-Apr-2016 22:07:00 UTC] PHP Fatal error:  Call to a member function bindValue() on a non-object in /home/ubuntu/workspace/Importing/index.php on line 285
[26-Apr-2016 22:07:00 UTC] PHP Stack trace:
[26-Apr-2016 22:07:00 UTC] PHP   1. {main}() /home/ubuntu/workspace/Importing/index.php:0
[26-Apr-2016 22:07:00 UTC] PHP   2. OneFileLoginApplication->__construct() /home/ubuntu/workspace/Importing/index.php:380
[26-Apr-2016 22:07:00 UTC] PHP   3. OneFileLoginApplication->runApplication() /home/ubuntu/workspace/Importing/index.php:41
[26-Apr-2016 22:07:00 UTC] PHP   4. OneFileLoginApplication->doRegistration() /home/ubuntu/workspace/Importing/index.php:71
[26-Apr-2016 22:07:00 UTC] PHP   5. OneFileLoginApplication->createNewUser() /home/ubuntu/workspace/Importing/index.php:160
[27-Apr-2016 22:19:36 UTC] PHP Warning:  mysql_pconnect(): Access denied for user 'KRadd1221'@'localhost' (using password: NO) in /home/ubuntu/workspace/views/process.php on line 48
[27-Apr-2016 22:19:36 UTC] PHP Stack trace:
[27-Apr-2016 22:19:36 UTC] PHP   1. {main}() /home/ubuntu/workspace/views/process.php:0
[27-Apr-2016 22:19:36 UTC] PHP   2. mysql_pconnect() /home/ubuntu/workspace/views/process.php:48
[27-Apr-2016 22:25:45 UTC] PHP Warning:  mysql_pconnect(): Access denied for user 'KRadd1221'@'localhost' (using password: NO) in /home/ubuntu/workspace/views/process.php on line 48
[27-Apr-2016 22:25:45 UTC] PHP Stack trace:
[27-Apr-2016 22:25:45 UTC] PHP   1. {main}() /home/ubuntu/workspace/views/process.php:0
[27-Apr-2016 22:25:45 UTC] PHP   2. mysql_pconnect() /home/ubuntu/workspace/views/process.php:48
[27-Apr-2016 22:26:29 UTC] PHP Warning:  mysql_pconnect(): Access denied for user 'KRadd1221'@'localhost' (using password: NO) in /home/ubuntu/workspace/views/process.php on line 48
[27-Apr-2016 22:26:29 UTC] PHP Stack trace:
[27-Apr-2016 22:26:29 UTC] PHP   1. {main}() /home/ubuntu/workspace/views/process.php:0
[27-Apr-2016 22:26:29 UTC] PHP   2. mysql_pconnect() /home/ubuntu/workspace/views/process.php:48
[27-Apr-2016 22:26:59 UTC] PHP Warning:  mysql_pconnect(): Access denied for user 'KRadd1221'@'localhost' (using password: NO) in /home/ubuntu/workspace/views/process.php on line 48
[27-Apr-2016 22:26:59 UTC] PHP Stack trace:
[27-Apr-2016 22:26:59 UTC] PHP   1. {main}() /home/ubuntu/workspace/views/process.php:0
[27-Apr-2016 22:26:59 UTC] PHP   2. mysql_pconnect() /home/ubuntu/workspace/views/process.php:48
